This file contains any messages produced by compilers while
running configure, to aid debugging if configure makes a mistake.

It was created by Check configure 0.9.8, which was
generated by GNU Autoconf 2.63.  Invocation command line was

  $ ./configure 

## --------- ##
## Platform. ##
## --------- ##

hostname = chen
uname -m = x86_64
uname -r = 5.4.0-52-generic
uname -s = Linux
uname -v = #57-Ubuntu SMP Thu Oct 15 10:57:00 UTC 2020

/usr/bin/uname -p = x86_64
/bin/uname -X     = unknown

/bin/arch              = x86_64
/usr/bin/arch -k       = unknown
/usr/convex/getsysinfo = unknown
/usr/bin/hostinfo      = unknown
/bin/machine           = unknown
/usr/bin/oslevel       = unknown
/bin/universe          = unknown

PATH: /usr/local/sbin
PATH: /usr/local/bin
PATH: /usr/sbin
PATH: /usr/bin
PATH: /sbin
PATH: /bin
PATH: /usr/games
PATH: /usr/local/games
PATH: /snap/bin


## ----------- ##
## Core tests. ##
## ----------- ##

configure:2133: checking for gcc
configure:2149: found /usr/bin/gcc
configure:2160: result: gcc
configure:2392: checking for C compiler version
configure:2400: gcc --version >&5
gcc (Ubuntu 9.3.0-17ubuntu1~20.04) 9.3.0
Copyright (C) 2019 Free Software Foundation, Inc.
This is free software; see the source for copying conditions.  There is NO
warranty; not even for MERCHANTABILITY or FITNESS FOR A PARTICULAR PURPOSE.

configure:2404: $? = 0
configure:2411: gcc -v >&5
Using built-in specs.
COLLECT_GCC=gcc
COLLECT_LTO_WRAPPER=/usr/lib/gcc/x86_64-linux-gnu/9/lto-wrapper
OFFLOAD_TARGET_NAMES=nvptx-none:hsa
OFFLOAD_TARGET_DEFAULT=1
Target: x86_64-linux-gnu
Configured with: ../src/configure -v --with-pkgversion='Ubuntu 9.3.0-17ubuntu1~20.04' --with-bugurl=file:///usr/share/doc/gcc-9/README.Bugs --enable-languages=c,ada,c++,go,brig,d,fortran,objc,obj-c++,gm2 --prefix=/usr --with-gcc-major-version-only --program-suffix=-9 --program-prefix=x86_64-linux-gnu- --enable-shared --enable-linker-build-id --libexecdir=/usr/lib --without-included-gettext --enable-threads=posix --libdir=/usr/lib --enable-nls --enable-clocale=gnu --enable-libstdcxx-debug --enable-libstdcxx-time=yes --with-default-libstdcxx-abi=new --enable-gnu-unique-object --disable-vtable-verify --enable-plugin --enable-default-pie --with-system-zlib --with-target-system-zlib=auto --enable-objc-gc=auto --enable-multiarch --disable-werror --with-arch-32=i686 --with-abi=m64 --with-multilib-list=m32,m64,mx32 --enable-multilib --with-tune=generic --enable-offload-targets=nvptx-none=/build/gcc-9-HskZEa/gcc-9-9.3.0/debian/tmp-nvptx/usr,hsa --without-cuda-driver --enable-checking=release --build=x86_64-linux-gnu --host=x86_64-linux-gnu --target=x86_64-linux-gnu
Thread model: posix
gcc version 9.3.0 (Ubuntu 9.3.0-17ubuntu1~20.04) 
configure:2415: $? = 0
configure:2422: gcc -V >&5
gcc: error: unrecognized command line option '-V'
gcc: fatal error: no input files
compilation terminated.
configure:2426: $? = 1
configure:2449: checking for C compiler default output file name
configure:2471: gcc    conftest.c  >&5
configure:2475: $? = 0
configure:2513: result: a.out
configure:2532: checking whether the C compiler works
configure:2542: ./a.out
configure:2546: $? = 0
configure:2565: result: yes
configure:2572: checking whether we are cross compiling
configure:2574: result: no
configure:2577: checking for suffix of executables
configure:2584: gcc -o conftest    conftest.c  >&5
configure:2588: $? = 0
configure:2614: result: 
configure:2620: checking for suffix of object files
configure:2646: gcc -c   conftest.c >&5
configure:2650: $? = 0
configure:2675: result: o
configure:2679: checking whether we are using the GNU C compiler
configure:2708: gcc -c   conftest.c >&5
configure:2715: $? = 0
configure:2732: result: yes
configure:2741: checking whether gcc accepts -g
configure:2771: gcc -c -g  conftest.c >&5
configure:2778: $? = 0
configure:2879: result: yes
configure:2896: checking for gcc option to accept ISO C89
configure:2970: gcc  -c -g -O2  conftest.c >&5
configure:2977: $? = 0
configure:3000: result: none needed
configure:3024: checking how to run the C preprocessor
configure:3064: gcc -E  conftest.c
configure:3071: $? = 0
configure:3102: gcc -E  conftest.c
conftest.c:8:10: fatal error: ac_nonexistent.h: No such file or directory
    8 | #include <ac_nonexistent.h>
      |          ^~~~~~~~~~~~~~~~~~
compilation terminated.
configure:3109: $? = 1
configure: failed program was:
| /* confdefs.h.  */
| #define PACKAGE_NAME "Check"
| #define PACKAGE_TARNAME "check"
| #define PACKAGE_VERSION "0.9.8"
| #define PACKAGE_STRING "Check 0.9.8"
| #define PACKAGE_BUGREPORT "check-devel at lists dot sourceforge dot net"
| /* end confdefs.h.  */
| #include <ac_nonexistent.h>
configure:3142: result: gcc -E
configure:3171: gcc -E  conftest.c
configure:3178: $? = 0
configure:3209: gcc -E  conftest.c
conftest.c:8:10: fatal error: ac_nonexistent.h: No such file or directory
    8 | #include <ac_nonexistent.h>
      |          ^~~~~~~~~~~~~~~~~~
compilation terminated.
configure:3216: $? = 1
configure: failed program was:
| /* confdefs.h.  */
| #define PACKAGE_NAME "Check"
| #define PACKAGE_TARNAME "check"
| #define PACKAGE_VERSION "0.9.8"
| #define PACKAGE_STRING "Check 0.9.8"
| #define PACKAGE_BUGREPORT "check-devel at lists dot sourceforge dot net"
| /* end confdefs.h.  */
| #include <ac_nonexistent.h>
configure:3256: checking for grep that handles long lines and -e
configure:3316: result: /usr/bin/grep
configure:3321: checking for egrep
configure:3385: result: /usr/bin/grep -E
configure:3390: checking for ANSI C header files
configure:3420: gcc -c -g -O2  conftest.c >&5
configure:3427: $? = 0
configure:3526: gcc -o conftest -g -O2   conftest.c  >&5
configure:3530: $? = 0
configure:3536: ./conftest
configure:3540: $? = 0
configure:3558: result: yes
configure:3582: checking for sys/types.h
configure:3603: gcc -c -g -O2  conftest.c >&5
configure:3610: $? = 0
configure:3627: result: yes
configure:3582: checking for sys/stat.h
configure:3603: gcc -c -g -O2  conftest.c >&5
configure:3610: $? = 0
configure:3627: result: yes
configure:3582: checking for stdlib.h
configure:3603: gcc -c -g -O2  conftest.c >&5
configure:3610: $? = 0
configure:3627: result: yes
configure:3582: checking for string.h
configure:3603: gcc -c -g -O2  conftest.c >&5
configure:3610: $? = 0
configure:3627: result: yes
configure:3582: checking for memory.h
configure:3603: gcc -c -g -O2  conftest.c >&5
configure:3610: $? = 0
configure:3627: result: yes
configure:3582: checking for strings.h
configure:3603: gcc -c -g -O2  conftest.c >&5
configure:3610: $? = 0
configure:3627: result: yes
configure:3582: checking for inttypes.h
configure:3603: gcc -c -g -O2  conftest.c >&5
configure:3610: $? = 0
configure:3627: result: yes
configure:3582: checking for stdint.h
configure:3603: gcc -c -g -O2  conftest.c >&5
configure:3610: $? = 0
configure:3627: result: yes
configure:3582: checking for unistd.h
configure:3603: gcc -c -g -O2  conftest.c >&5
configure:3610: $? = 0
configure:3627: result: yes
configure:3652: checking minix/config.h usability
configure:3669: gcc -c -g -O2  conftest.c >&5
conftest.c:51:10: fatal error: minix/config.h: No such file or directory
   51 | #include <minix/config.h>
      |          ^~~~~~~~~~~~~~~~
compilation terminated.
configure:3676: $? = 1
configure: failed program was:
| /* confdefs.h.  */
| #define PACKAGE_NAME "Check"
| #define PACKAGE_TARNAME "check"
| #define PACKAGE_VERSION "0.9.8"
| #define PACKAGE_STRING "Check 0.9.8"
| #define PACKAGE_BUGREPORT "check-devel at lists dot sourceforge dot net"
| #define STDC_HEADERS 1
| #define HAVE_SYS_TYPES_H 1
| #define HAVE_SYS_STAT_H 1
| #define HAVE_STDLIB_H 1
| #define HAVE_STRING_H 1
| #define HAVE_MEMORY_H 1
| #define HAVE_STRINGS_H 1
| #define HAVE_INTTYPES_H 1
| #define HAVE_STDINT_H 1
| #define HAVE_UNISTD_H 1
| /* end confdefs.h.  */
| #include <stdio.h>
| #ifdef HAVE_SYS_TYPES_H
| # include <sys/types.h>
| #endif
| #ifdef HAVE_SYS_STAT_H
| # include <sys/stat.h>
| #endif
| #ifdef STDC_HEADERS
| # include <stdlib.h>
| # include <stddef.h>
| #else
| # ifdef HAVE_STDLIB_H
| #  include <stdlib.h>
| # endif
| #endif
| #ifdef HAVE_STRING_H
| # if !defined STDC_HEADERS && defined HAVE_MEMORY_H
| #  include <memory.h>
| # endif
| # include <string.h>
| #endif
| #ifdef HAVE_STRINGS_H
| # include <strings.h>
| #endif
| #ifdef HAVE_INTTYPES_H
| # include <inttypes.h>
| #endif
| #ifdef HAVE_STDINT_H
| # include <stdint.h>
| #endif
| #ifdef HAVE_UNISTD_H
| # include <unistd.h>
| #endif
| #include <minix/config.h>
configure:3690: result: no
configure:3694: checking minix/config.h presence
configure:3709: gcc -E  conftest.c
conftest.c:18:10: fatal error: minix/config.h: No such file or directory
   18 | #include <minix/config.h>
      |          ^~~~~~~~~~~~~~~~
compilation terminated.
configure:3716: $? = 1
configure: failed program was:
| /* confdefs.h.  */
| #define PACKAGE_NAME "Check"
| #define PACKAGE_TARNAME "check"
| #define PACKAGE_VERSION "0.9.8"
| #define PACKAGE_STRING "Check 0.9.8"
| #define PACKAGE_BUGREPORT "check-devel at lists dot sourceforge dot net"
| #define STDC_HEADERS 1
| #define HAVE_SYS_TYPES_H 1
| #define HAVE_SYS_STAT_H 1
| #define HAVE_STDLIB_H 1
| #define HAVE_STRING_H 1
| #define HAVE_MEMORY_H 1
| #define HAVE_STRINGS_H 1
| #define HAVE_INTTYPES_H 1
| #define HAVE_STDINT_H 1
| #define HAVE_UNISTD_H 1
| /* end confdefs.h.  */
| #include <minix/config.h>
configure:3730: result: no
configure:3763: checking for minix/config.h
configure:3770: result: no
configure:3801: checking whether it is safe to define __EXTENSIONS__
configure:3829: gcc -c -g -O2  conftest.c >&5
configure:3836: $? = 0
configure:3851: result: yes
configure:3893: checking for a BSD-compatible install
configure:3961: result: /usr/bin/install -c
configure:3972: checking whether build environment is sane
configure:4015: result: yes
configure:4040: checking for a thread-safe mkdir -p
configure:4079: result: /usr/bin/mkdir -p
configure:4092: checking for gawk
configure:4122: result: no
configure:4092: checking for mawk
configure:4108: found /usr/bin/mawk
configure:4119: result: mawk
configure:4130: checking whether make sets $(MAKE)
configure:4152: result: yes
configure:4182: checking for style of include used by make
configure:4210: result: GNU
configure:4399: checking dependency style of gcc
configure:4490: result: gcc3
configure:4605: checking for gawk
configure:4632: result: mawk
configure:4691: checking for gcc
configure:4718: result: gcc
configure:4950: checking for C compiler version
configure:4958: gcc --version >&5
gcc (Ubuntu 9.3.0-17ubuntu1~20.04) 9.3.0
Copyright (C) 2019 Free Software Foundation, Inc.
This is free software; see the source for copying conditions.  There is NO
warranty; not even for MERCHANTABILITY or FITNESS FOR A PARTICULAR PURPOSE.

configure:4962: $? = 0
configure:4969: gcc -v >&5
Using built-in specs.
COLLECT_GCC=gcc
COLLECT_LTO_WRAPPER=/usr/lib/gcc/x86_64-linux-gnu/9/lto-wrapper
OFFLOAD_TARGET_NAMES=nvptx-none:hsa
OFFLOAD_TARGET_DEFAULT=1
Target: x86_64-linux-gnu
Configured with: ../src/configure -v --with-pkgversion='Ubuntu 9.3.0-17ubuntu1~20.04' --with-bugurl=file:///usr/share/doc/gcc-9/README.Bugs --enable-languages=c,ada,c++,go,brig,d,fortran,objc,obj-c++,gm2 --prefix=/usr --with-gcc-major-version-only --program-suffix=-9 --program-prefix=x86_64-linux-gnu- --enable-shared --enable-linker-build-id --libexecdir=/usr/lib --without-included-gettext --enable-threads=posix --libdir=/usr/lib --enable-nls --enable-clocale=gnu --enable-libstdcxx-debug --enable-libstdcxx-time=yes --with-default-libstdcxx-abi=new --enable-gnu-unique-object --disable-vtable-verify --enable-plugin --enable-default-pie --with-system-zlib --with-target-system-zlib=auto --enable-objc-gc=auto --enable-multiarch --disable-werror --with-arch-32=i686 --with-abi=m64 --with-multilib-list=m32,m64,mx32 --enable-multilib --with-tune=generic --enable-offload-targets=nvptx-none=/build/gcc-9-HskZEa/gcc-9-9.3.0/debian/tmp-nvptx/usr,hsa --without-cuda-driver --enable-checking=release --build=x86_64-linux-gnu --host=x86_64-linux-gnu --target=x86_64-linux-gnu
Thread model: posix
gcc version 9.3.0 (Ubuntu 9.3.0-17ubuntu1~20.04) 
configure:4973: $? = 0
configure:4980: gcc -V >&5
gcc: error: unrecognized command line option '-V'
gcc: fatal error: no input files
compilation terminated.
configure:4984: $? = 1
configure:4987: checking whether we are using the GNU C compiler
configure:5040: result: yes
configure:5049: checking whether gcc accepts -g
configure:5187: result: yes
configure:5204: checking for gcc option to accept ISO C89
configure:5308: result: none needed
configure:5328: checking whether gcc and cc understand -c and -o together
configure:5363: gcc -c conftest.c -o conftest2.o >&5
configure:5367: $? = 0
configure:5373: gcc -c conftest.c -o conftest2.o >&5
configure:5377: $? = 0
configure:5388: cc -c conftest.c >&5
configure:5392: $? = 0
configure:5400: cc -c conftest.c -o conftest2.o >&5
configure:5404: $? = 0
configure:5410: cc -c conftest.c -o conftest2.o >&5
configure:5414: $? = 0
configure:5432: result: yes
configure:5473: checking for a BSD-compatible install
configure:5541: result: /usr/bin/install -c
configure:5552: checking whether ln -s works
configure:5556: result: yes
configure:5594: checking build system type
configure:5612: result: x86_64-unknown-linux-gnu
configure:5634: checking host system type
configure:5649: result: x86_64-unknown-linux-gnu
configure:5671: checking for a sed that does not truncate output
configure:5737: result: /usr/bin/sed
configure:5755: checking for fgrep
configure:5819: result: /usr/bin/grep -F
configure:5854: checking for ld used by gcc
configure:5921: result: /usr/bin/ld
configure:5930: checking if the linker (/usr/bin/ld) is GNU ld
configure:5945: result: yes
configure:5957: checking for BSD- or MS-compatible name lister (nm)
configure:6006: result: /usr/bin/nm -B
configure:6124: checking the name lister (/usr/bin/nm -B) interface
configure:6141: gcc -c -g -O2  conftest.c >&5
configure:6144: /usr/bin/nm -B "conftest.o"
configure:6147: output
0000000000000000 B some_variable
configure:6138: result: BSD nm
configure:6142: checking the maximum length of command line arguments
configure:6262: result: 1572864
configure:6279: checking whether the shell understands some XSI constructs
configure:6288: result: yes
configure:6292: checking whether the shell understands "+="
configure:6296: result: yes
configure:6331: checking for /usr/bin/ld option to reload object files
configure:6338: result: -r
configure:6407: checking for objdump
configure:6423: found /usr/bin/objdump
configure:6434: result: objdump
configure:6466: checking how to recognize dependent libraries
configure:6662: result: pass_all
configure:6722: checking for ar
configure:6738: found /usr/bin/ar
configure:6749: result: ar
configure:6827: checking for strip
configure:6843: found /usr/bin/strip
configure:6854: result: strip
configure:6926: checking for ranlib
configure:6942: found /usr/bin/ranlib
configure:6953: result: ranlib
configure:7043: checking command to parse /usr/bin/nm -B output from gcc object
configure:7161: gcc -c -g -O2  conftest.c >&5
configure:7164: $? = 0
configure:7168: /usr/bin/nm -B conftest.o \| sed -n -e 's/^.*[	 ]\([ABCDGIRSTW][ABCDGIRSTW]*\)[	 ][	 ]*\([_A-Za-z][_A-Za-z0-9]*\)$/\1 \2 \2/p' \> conftest.nm
configure:7171: $? = 0
configure:7225: gcc -o conftest -g -O2   conftest.c conftstm.o >&5
configure:7228: $? = 0
configure:7266: result: ok
configure:7361: gcc -c -g -O2  conftest.c >&5
configure:7364: $? = 0
configure:8131: checking for dlfcn.h
configure:8152: gcc -c -g -O2  conftest.c >&5
configure:8159: $? = 0
configure:8176: result: yes
configure:8362: checking for objdir
configure:8377: result: .libs
configure:8673: checking if gcc supports -fno-rtti -fno-exceptions
configure:8710: gcc -c -g -O2  -fno-rtti -fno-exceptions conftest.c >&5
cc1: warning: command line option '-fno-rtti' is valid for C++/D/ObjC++ but not for C
configure:8714: $? = 0
configure:8708: result: no
configure:8728: checking for gcc option to produce PIC
configure:9000: result: -fPIC -DPIC
configure:9012: checking if gcc PIC flag -fPIC -DPIC works
configure:9049: gcc -c -g -O2  -fPIC -DPIC -DPIC conftest.c >&5
configure:9053: $? = 0
configure:9047: result: yes
configure:9071: checking if gcc static flag -static works
configure:9099: result: yes
configure:9114: checking if gcc supports -c -o file.o
configure:9154: gcc -c -g -O2  -o out/conftest2.o conftest.c >&5
configure:9158: $? = 0
configure:9161: result: yes
configure:9169: checking if gcc supports -c -o file.o
configure:9216: result: yes
configure:9249: checking whether the gcc linker (/usr/bin/ld -m elf_x86_64) supports shared libraries
configure:10324: result: yes
configure:10361: checking whether -lc should be explicitly linked in
configure:10366: gcc -c -g -O2  conftest.c >&5
configure:10369: $? = 0
configure:10384: gcc -shared conftest.o  -v -Wl,-soname -Wl,conftest -o conftest 2\>\&1 \| /usr/bin/grep  -lc  \>/dev/null 2\>\&1
configure:10387: $? = 0
configure:10399: result: no
configure:10563: checking dynamic linker characteristics
configure:11006: gcc -o conftest -g -O2   -Wl,-rpath -Wl,/foo conftest.c  >&5
configure:11013: $? = 0
configure:11258: result: GNU/Linux ld.so
configure:11360: checking how to hardcode library paths into programs
configure:11385: result: immediate
configure:12218: checking whether stripping libraries is possible
configure:12223: result: yes
configure:12258: checking if libtool supports shared libraries
configure:12260: result: yes
configure:12263: checking whether to build shared libraries
configure:12284: result: yes
configure:12287: checking whether to build static libraries
configure:12291: result: yes
configure:9168: checking CFLAGS for maximum ansi warnings
configure:9210: gcc -c -g -O2 -pedantic  -Wall -ansi -pedantic  conftest.c >&5
configure:9217: $? = 0
configure:9241: result: -Wall -ansi -pedantic
configure:9254: : CFLAGS="$CFLAGS $ac_cv_cflags_warn_all_ansi"
configure:9257: $? = 0
configure:9271: checking whether the C compiler accepts the -Wextra flag
configure:9310: gcc -c -g -O2 -Wall -ansi -pedantic -Wextra  conftest.c >&5
configure:9317: $? = 0
configure:9349: result: yes
configure:9372: checking whether the C compiler accepts the -Wstrict-prototypes flag
configure:9411: gcc -c -g -O2 -Wall -ansi -pedantic -Wextra -Wstrict-prototypes  conftest.c >&5
conftest.c:30:1: warning: function declaration isn't a prototype [-Wstrict-prototypes]
   30 | main ()
      | ^~~~
configure:9418: $? = 0
configure:9450: result: yes
configure:9473: checking whether the C compiler accepts the -Wmissing-prototypes flag
configure:9512: gcc -c -g -O2 -Wall -ansi -pedantic -Wextra -Wstrict-prototypes -Wmissing-prototypes  conftest.c >&5
conftest.c:30:1: warning: function declaration isn't a prototype [-Wstrict-prototypes]
   30 | main ()
      | ^~~~
configure:9519: $? = 0
configure:9551: result: yes
configure:9574: checking whether the C compiler accepts the -Wwrite-strings flag
configure:9613: gcc -c -g -O2 -Wall -ansi -pedantic -Wextra -Wstrict-prototypes -Wmissing-prototypes -Wwrite-strings  conftest.c >&5
conftest.c:30:1: warning: function declaration isn't a prototype [-Wstrict-prototypes]
   30 | main ()
      | ^~~~
configure:9620: $? = 0
configure:9652: result: yes
configure:9675: checking whether the C compiler accepts the -Wno-variadic-macros flag
configure:9714: gcc -c -g -O2 -Wall -ansi -pedantic -Wextra -Wstrict-prototypes -Wmissing-prototypes -Wwrite-strings -Wno-variadic-macros  conftest.c >&5
conftest.c:30:1: warning: function declaration isn't a prototype [-Wstrict-prototypes]
   30 | main ()
      | ^~~~
configure:9721: $? = 0
configure:9753: result: yes
configure:9774: checking for gcov
configure:9790: found /usr/bin/gcov
configure:9801: result: gcov
configure:9817: checking for lcov
configure:9847: result: no
configure:9860: checking for genhtml
configure:9890: result: no
configure:9903: checking for tex
configure:9933: result: no
configure:9946: WARNING: tex not installed: cannot rebuild HTML documentation.
configure:9953: checking for ANSI C header files
configure:10121: result: yes
configure:10131: checking for sys/wait.h that is POSIX.1 compatible
configure:10167: gcc -c -g -O2 -Wall -ansi -pedantic -Wextra -Wstrict-prototypes -Wmissing-prototypes -Wwrite-strings -Wno-variadic-macros  conftest.c >&5
conftest.c:38:1: warning: function declaration isn't a prototype [-Wstrict-prototypes]
   38 | main ()
      | ^~~~
configure:10174: $? = 0
configure:10189: result: yes
configure:10221: checking fcntl.h usability
configure:10238: gcc -c -g -O2 -Wall -ansi -pedantic -Wextra -Wstrict-prototypes -Wmissing-prototypes -Wwrite-strings -Wno-variadic-macros  conftest.c >&5
configure:10245: $? = 0
configure:10259: result: yes
configure:10263: checking fcntl.h presence
configure:10278: gcc -E  conftest.c
configure:10285: $? = 0
configure:10299: result: yes
configure:10332: checking for fcntl.h
configure:10341: result: yes
configure:10221: checking stddef.h usability
configure:10238: gcc -c -g -O2 -Wall -ansi -pedantic -Wextra -Wstrict-prototypes -Wmissing-prototypes -Wwrite-strings -Wno-variadic-macros  conftest.c >&5
configure:10245: $? = 0
configure:10259: result: yes
configure:10263: checking stddef.h presence
configure:10278: gcc -E  conftest.c
configure:10285: $? = 0
configure:10299: result: yes
configure:10332: checking for stddef.h
configure:10341: result: yes
configure:10210: checking for stdint.h
configure:10217: result: yes
configure:10210: checking for stdlib.h
configure:10217: result: yes
configure:10210: checking for string.h
configure:10217: result: yes
configure:10221: checking sys/time.h usability
configure:10238: gcc -c -g -O2 -Wall -ansi -pedantic -Wextra -Wstrict-prototypes -Wmissing-prototypes -Wwrite-strings -Wno-variadic-macros  conftest.c >&5
configure:10245: $? = 0
configure:10259: result: yes
configure:10263: checking sys/time.h presence
configure:10278: gcc -E  conftest.c
configure:10285: $? = 0
configure:10299: result: yes
configure:10332: checking for sys/time.h
configure:10341: result: yes
configure:10210: checking for unistd.h
configure:10217: result: yes
configure:10359: checking for subunit_test_start in -lsubunit
configure:10394: gcc -o conftest -g -O2 -Wall -ansi -pedantic -Wextra -Wstrict-prototypes -Wmissing-prototypes -Wwrite-strings -Wno-variadic-macros   conftest.c -lsubunit   >&5
conftest.c:43:1: warning: function declaration isn't a prototype [-Wstrict-prototypes]
   43 | char subunit_test_start ();
      | ^~~~
conftest.c:45:1: warning: function declaration isn't a prototype [-Wstrict-prototypes]
   45 | main ()
      | ^~~~
/usr/bin/ld: cannot find -lsubunit
collect2: error: ld returned 1 exit status
configure:10401: $? = 1
configure: failed program was:
| /* confdefs.h.  */
| #define PACKAGE_NAME "Check"
| #define PACKAGE_TARNAME "check"
| #define PACKAGE_VERSION "0.9.8"
| #define PACKAGE_STRING "Check 0.9.8"
| #define PACKAGE_BUGREPORT "check-devel at lists dot sourceforge dot net"
| #define STDC_HEADERS 1
| #define HAVE_SYS_TYPES_H 1
| #define HAVE_SYS_STAT_H 1
| #define HAVE_STDLIB_H 1
| #define HAVE_STRING_H 1
| #define HAVE_MEMORY_H 1
| #define HAVE_STRINGS_H 1
| #define HAVE_INTTYPES_H 1
| #define HAVE_STDINT_H 1
| #define HAVE_UNISTD_H 1
| #define __EXTENSIONS__ 1
| #define _ALL_SOURCE 1
| #define _GNU_SOURCE 1
| #define _POSIX_PTHREAD_SEMANTICS 1
| #define _TANDEM_SOURCE 1
| #define PACKAGE "check"
| #define VERSION "0.9.8"
| #define HAVE_DLFCN_H 1
| #define LT_OBJDIR ".libs/"
| #define STDC_HEADERS 1
| #define HAVE_SYS_WAIT_H 1
| #define HAVE_FCNTL_H 1
| #define HAVE_STDDEF_H 1
| #define HAVE_STDINT_H 1
| #define HAVE_STDLIB_H 1
| #define HAVE_STRING_H 1
| #define HAVE_SYS_TIME_H 1
| #define HAVE_UNISTD_H 1
| /* end confdefs.h.  */
| 
| /* Override any GCC internal prototype to avoid an error.
|    Use char because int might match the return type of a GCC
|    builtin and then its argument prototype would still apply.  */
| #ifdef __cplusplus
| extern "C"
| #endif
| char subunit_test_start ();
| int
| main ()
| {
| return subunit_test_start ();
|   ;
|   return 0;
| }
configure:10422: result: no
configure:10621: checking for an ANSI C-conforming const
configure:10696: gcc -c -g -O2 -Wall -ansi -pedantic -Wextra -Wstrict-prototypes -Wmissing-prototypes -Wwrite-strings -Wno-variadic-macros  conftest.c >&5
conftest.c:39:1: warning: function declaration isn't a prototype [-Wstrict-prototypes]
   39 | main ()
      | ^~~~
conftest.c: In function 'main':
conftest.c:66:7: warning: 't' is used uninitialized in this function [-Wuninitialized]
   66 |     *t++ = 0;
      |      ~^~
conftest.c:82:23: warning: 'b' is used uninitialized in this function [-Wuninitialized]
   82 |     struct s *b; b->j = 5;
      |                  ~~~~~^~~
conftest.c:88:13: warning: 'cs[0]' is used uninitialized in this function [-Wuninitialized]
   88 |   return !cs[0] && !zero.x;
      |           ~~^~~
configure:10703: $? = 0
configure:10718: result: yes
configure:10728: checking for pid_t
configure:10756: gcc -c -g -O2 -Wall -ansi -pedantic -Wextra -Wstrict-prototypes -Wmissing-prototypes -Wwrite-strings -Wno-variadic-macros  conftest.c >&5
conftest.c:71:1: warning: function declaration isn't a prototype [-Wstrict-prototypes]
   71 | main ()
      | ^~~~
configure:10763: $? = 0
configure:10790: gcc -c -g -O2 -Wall -ansi -pedantic -Wextra -Wstrict-prototypes -Wmissing-prototypes -Wwrite-strings -Wno-variadic-macros  conftest.c >&5
conftest.c:71:1: warning: function declaration isn't a prototype [-Wstrict-prototypes]
   71 | main ()
      | ^~~~
conftest.c: In function 'main':
conftest.c:73:20: error: expected expression before ')' token
   73 | if (sizeof ((pid_t)))
      |                    ^
configure:10797: $? = 1
configure: failed program was:
| /* confdefs.h.  */
| #define PACKAGE_NAME "Check"
| #define PACKAGE_TARNAME "check"
| #define PACKAGE_VERSION "0.9.8"
| #define PACKAGE_STRING "Check 0.9.8"
| #define PACKAGE_BUGREPORT "check-devel at lists dot sourceforge dot net"
| #define STDC_HEADERS 1
| #define HAVE_SYS_TYPES_H 1
| #define HAVE_SYS_STAT_H 1
| #define HAVE_STDLIB_H 1
| #define HAVE_STRING_H 1
| #define HAVE_MEMORY_H 1
| #define HAVE_STRINGS_H 1
| #define HAVE_INTTYPES_H 1
| #define HAVE_STDINT_H 1
| #define HAVE_UNISTD_H 1
| #define __EXTENSIONS__ 1
| #define _ALL_SOURCE 1
| #define _GNU_SOURCE 1
| #define _POSIX_PTHREAD_SEMANTICS 1
| #define _TANDEM_SOURCE 1
| #define PACKAGE "check"
| #define VERSION "0.9.8"
| #define HAVE_DLFCN_H 1
| #define LT_OBJDIR ".libs/"
| #define STDC_HEADERS 1
| #define HAVE_SYS_WAIT_H 1
| #define HAVE_FCNTL_H 1
| #define HAVE_STDDEF_H 1
| #define HAVE_STDINT_H 1
| #define HAVE_STDLIB_H 1
| #define HAVE_STRING_H 1
| #define HAVE_SYS_TIME_H 1
| #define HAVE_UNISTD_H 1
| #define ENABLE_SUBUNIT 0
| /* end confdefs.h.  */
| #include <stdio.h>
| #ifdef HAVE_SYS_TYPES_H
| # include <sys/types.h>
| #endif
| #ifdef HAVE_SYS_STAT_H
| # include <sys/stat.h>
| #endif
| #ifdef STDC_HEADERS
| # include <stdlib.h>
| # include <stddef.h>
| #else
| # ifdef HAVE_STDLIB_H
| #  include <stdlib.h>
| # endif
| #endif
| #ifdef HAVE_STRING_H
| # if !defined STDC_HEADERS && defined HAVE_MEMORY_H
| #  include <memory.h>
| # endif
| # include <string.h>
| #endif
| #ifdef HAVE_STRINGS_H
| # include <strings.h>
| #endif
| #ifdef HAVE_INTTYPES_H
| # include <inttypes.h>
| #endif
| #ifdef HAVE_STDINT_H
| # include <stdint.h>
| #endif
| #ifdef HAVE_UNISTD_H
| # include <unistd.h>
| #endif
| int
| main ()
| {
| if (sizeof ((pid_t)))
| 	  return 0;
|   ;
|   return 0;
| }
configure:10820: result: yes
configure:10832: checking for size_t
configure:10860: gcc -c -g -O2 -Wall -ansi -pedantic -Wextra -Wstrict-prototypes -Wmissing-prototypes -Wwrite-strings -Wno-variadic-macros  conftest.c >&5
conftest.c:71:1: warning: function declaration isn't a prototype [-Wstrict-prototypes]
   71 | main ()
      | ^~~~
configure:10867: $? = 0
configure:10894: gcc -c -g -O2 -Wall -ansi -pedantic -Wextra -Wstrict-prototypes -Wmissing-prototypes -Wwrite-strings -Wno-variadic-macros  conftest.c >&5
conftest.c:71:1: warning: function declaration isn't a prototype [-Wstrict-prototypes]
   71 | main ()
      | ^~~~
conftest.c: In function 'main':
conftest.c:73:21: error: expected expression before ')' token
   73 | if (sizeof ((size_t)))
      |                     ^
configure:10901: $? = 1
configure: failed program was:
| /* confdefs.h.  */
| #define PACKAGE_NAME "Check"
| #define PACKAGE_TARNAME "check"
| #define PACKAGE_VERSION "0.9.8"
| #define PACKAGE_STRING "Check 0.9.8"
| #define PACKAGE_BUGREPORT "check-devel at lists dot sourceforge dot net"
| #define STDC_HEADERS 1
| #define HAVE_SYS_TYPES_H 1
| #define HAVE_SYS_STAT_H 1
| #define HAVE_STDLIB_H 1
| #define HAVE_STRING_H 1
| #define HAVE_MEMORY_H 1
| #define HAVE_STRINGS_H 1
| #define HAVE_INTTYPES_H 1
| #define HAVE_STDINT_H 1
| #define HAVE_UNISTD_H 1
| #define __EXTENSIONS__ 1
| #define _ALL_SOURCE 1
| #define _GNU_SOURCE 1
| #define _POSIX_PTHREAD_SEMANTICS 1
| #define _TANDEM_SOURCE 1
| #define PACKAGE "check"
| #define VERSION "0.9.8"
| #define HAVE_DLFCN_H 1
| #define LT_OBJDIR ".libs/"
| #define STDC_HEADERS 1
| #define HAVE_SYS_WAIT_H 1
| #define HAVE_FCNTL_H 1
| #define HAVE_STDDEF_H 1
| #define HAVE_STDINT_H 1
| #define HAVE_STDLIB_H 1
| #define HAVE_STRING_H 1
| #define HAVE_SYS_TIME_H 1
| #define HAVE_UNISTD_H 1
| #define ENABLE_SUBUNIT 0
| /* end confdefs.h.  */
| #include <stdio.h>
| #ifdef HAVE_SYS_TYPES_H
| # include <sys/types.h>
| #endif
| #ifdef HAVE_SYS_STAT_H
| # include <sys/stat.h>
| #endif
| #ifdef STDC_HEADERS
| # include <stdlib.h>
| # include <stddef.h>
| #else
| # ifdef HAVE_STDLIB_H
| #  include <stdlib.h>
| # endif
| #endif
| #ifdef HAVE_STRING_H
| # if !defined STDC_HEADERS && defined HAVE_MEMORY_H
| #  include <memory.h>
| # endif
| # include <string.h>
| #endif
| #ifdef HAVE_STRINGS_H
| # include <strings.h>
| #endif
| #ifdef HAVE_INTTYPES_H
| # include <inttypes.h>
| #endif
| #ifdef HAVE_STDINT_H
| # include <stdint.h>
| #endif
| #ifdef HAVE_UNISTD_H
| # include <unistd.h>
| #endif
| int
| main ()
| {
| if (sizeof ((size_t)))
| 	  return 0;
|   ;
|   return 0;
| }
configure:10924: result: yes
configure:10936: checking whether time.h and sys/time.h may both be included
configure:10966: gcc -c -g -O2 -Wall -ansi -pedantic -Wextra -Wstrict-prototypes -Wmissing-prototypes -Wwrite-strings -Wno-variadic-macros  conftest.c >&5
conftest.c:42:1: warning: function declaration isn't a prototype [-Wstrict-prototypes]
   42 | main ()
      | ^~~~
configure:10973: $? = 0
configure:10988: result: yes
configure:10998: checking whether struct tm is in sys/time.h or time.h
configure:11028: gcc -c -g -O2 -Wall -ansi -pedantic -Wextra -Wstrict-prototypes -Wmissing-prototypes -Wwrite-strings -Wno-variadic-macros  conftest.c >&5
conftest.c:42:1: warning: function declaration isn't a prototype [-Wstrict-prototypes]
   42 | main ()
      | ^~~~
configure:11035: $? = 0
configure:11050: result: time.h
configure:11065: checking size of int
configure:11370: gcc -o conftest -g -O2 -Wall -ansi -pedantic -Wextra -Wstrict-prototypes -Wmissing-prototypes -Wwrite-strings -Wno-variadic-macros   conftest.c  >&5
conftest.c:71:17: warning: function declaration isn't a prototype [-Wstrict-prototypes]
   71 | static long int longval () { return (long int) (sizeof (int)); }
      |                 ^~~~~~~
conftest.c:72:26: warning: function declaration isn't a prototype [-Wstrict-prototypes]
   72 | static unsigned long int ulongval () { return (long int) (sizeof (int)); }
      |                          ^~~~~~~~
conftest.c:76:1: warning: function declaration isn't a prototype [-Wstrict-prototypes]
   76 | main ()
      | ^~~~
configure:11374: $? = 0
configure:11380: ./conftest
configure:11384: $? = 0
configure:11410: result: 4
configure:11424: checking size of short
configure:11729: gcc -o conftest -g -O2 -Wall -ansi -pedantic -Wextra -Wstrict-prototypes -Wmissing-prototypes -Wwrite-strings -Wno-variadic-macros   conftest.c  >&5
conftest.c:72:17: warning: function declaration isn't a prototype [-Wstrict-prototypes]
   72 | static long int longval () { return (long int) (sizeof (short)); }
      |                 ^~~~~~~
conftest.c:73:26: warning: function declaration isn't a prototype [-Wstrict-prototypes]
   73 | static unsigned long int ulongval () { return (long int) (sizeof (short)); }
      |                          ^~~~~~~~
conftest.c:77:1: warning: function declaration isn't a prototype [-Wstrict-prototypes]
   77 | main ()
      | ^~~~
configure:11733: $? = 0
configure:11739: ./conftest
configure:11743: $? = 0
configure:11769: result: 2
configure:11783: checking size of long
configure:12088: gcc -o conftest -g -O2 -Wall -ansi -pedantic -Wextra -Wstrict-prototypes -Wmissing-prototypes -Wwrite-strings -Wno-variadic-macros   conftest.c  >&5
conftest.c:73:17: warning: function declaration isn't a prototype [-Wstrict-prototypes]
   73 | static long int longval () { return (long int) (sizeof (long)); }
      |                 ^~~~~~~
conftest.c:74:26: warning: function declaration isn't a prototype [-Wstrict-prototypes]
   74 | static unsigned long int ulongval () { return (long int) (sizeof (long)); }
      |                          ^~~~~~~~
conftest.c:78:1: warning: function declaration isn't a prototype [-Wstrict-prototypes]
   78 | main ()
      | ^~~~
configure:12092: $? = 0
configure:12098: ./conftest
configure:12102: $? = 0
configure:12128: result: 8
configure:12145: checking for stdlib.h
configure:12152: result: yes
configure:12291: checking for GNU libc compatible malloc
configure:12325: gcc -o conftest -g -O2 -Wall -ansi -pedantic -Wextra -Wstrict-prototypes -Wmissing-prototypes -Wwrite-strings -Wno-variadic-macros   conftest.c  >&5
conftest.c:49:1: warning: function declaration isn't a prototype [-Wstrict-prototypes]
   49 | main ()
      | ^~~~
configure:12329: $? = 0
configure:12335: ./conftest
configure:12339: $? = 0
configure:12356: result: yes
configure:12389: checking for stdlib.h
configure:12396: result: yes
configure:12535: checking for GNU libc compatible realloc
configure:12569: gcc -o conftest -g -O2 -Wall -ansi -pedantic -Wextra -Wstrict-prototypes -Wmissing-prototypes -Wwrite-strings -Wno-variadic-macros   conftest.c  >&5
conftest.c:51:1: warning: function declaration isn't a prototype [-Wstrict-prototypes]
   51 | main ()
      | ^~~~
configure:12573: $? = 0
configure:12579: ./conftest
configure:12583: $? = 0
configure:12600: result: yes
configure:12640: checking for fileno
configure:12696: gcc -o conftest -g -O2 -Wall -ansi -pedantic -Wextra -Wstrict-prototypes -Wmissing-prototypes -Wwrite-strings -Wno-variadic-macros   conftest.c  >&5
conftest.c:68:1: warning: function declaration isn't a prototype [-Wstrict-prototypes]
   68 | char fileno ();
      | ^~~~
conftest.c:77:1: warning: function declaration isn't a prototype [-Wstrict-prototypes]
   77 | main ()
      | ^~~~
configure:12703: $? = 0
configure:12725: result: yes
configure:12640: checking for localtime_r
configure:12696: gcc -o conftest -g -O2 -Wall -ansi -pedantic -Wextra -Wstrict-prototypes -Wmissing-prototypes -Wwrite-strings -Wno-variadic-macros   conftest.c  >&5
conftest.c:69:1: warning: function declaration isn't a prototype [-Wstrict-prototypes]
   69 | char localtime_r ();
      | ^~~~
conftest.c:78:1: warning: function declaration isn't a prototype [-Wstrict-prototypes]
   78 | main ()
      | ^~~~
configure:12703: $? = 0
configure:12725: result: yes
configure:12640: checking for pipe
configure:12696: gcc -o conftest -g -O2 -Wall -ansi -pedantic -Wextra -Wstrict-prototypes -Wmissing-prototypes -Wwrite-strings -Wno-variadic-macros   conftest.c  >&5
conftest.c:70:1: warning: function declaration isn't a prototype [-Wstrict-prototypes]
   70 | char pipe ();
      | ^~~~
conftest.c:79:1: warning: function declaration isn't a prototype [-Wstrict-prototypes]
   79 | main ()
      | ^~~~
configure:12703: $? = 0
configure:12725: result: yes
configure:12640: checking for putenv
configure:12696: gcc -o conftest -g -O2 -Wall -ansi -pedantic -Wextra -Wstrict-prototypes -Wmissing-prototypes -Wwrite-strings -Wno-variadic-macros   conftest.c  >&5
conftest.c:71:1: warning: function declaration isn't a prototype [-Wstrict-prototypes]
   71 | char putenv ();
      | ^~~~
conftest.c:80:1: warning: function declaration isn't a prototype [-Wstrict-prototypes]
   80 | main ()
      | ^~~~
configure:12703: $? = 0
configure:12725: result: yes
configure:12640: checking for setenv
configure:12696: gcc -o conftest -g -O2 -Wall -ansi -pedantic -Wextra -Wstrict-prototypes -Wmissing-prototypes -Wwrite-strings -Wno-variadic-macros   conftest.c  >&5
conftest.c:72:1: warning: function declaration isn't a prototype [-Wstrict-prototypes]
   72 | char setenv ();
      | ^~~~
conftest.c:81:1: warning: function declaration isn't a prototype [-Wstrict-prototypes]
   81 | main ()
      | ^~~~
configure:12703: $? = 0
configure:12725: result: yes
configure:12640: checking for sleep
configure:12696: gcc -o conftest -g -O2 -Wall -ansi -pedantic -Wextra -Wstrict-prototypes -Wmissing-prototypes -Wwrite-strings -Wno-variadic-macros   conftest.c  >&5
conftest.c:73:1: warning: function declaration isn't a prototype [-Wstrict-prototypes]
   73 | char sleep ();
      | ^~~~
conftest.c:82:1: warning: function declaration isn't a prototype [-Wstrict-prototypes]
   82 | main ()
      | ^~~~
configure:12703: $? = 0
configure:12725: result: yes
configure:12640: checking for strdup
configure:12696: gcc -o conftest -g -O2 -Wall -ansi -pedantic -Wextra -Wstrict-prototypes -Wmissing-prototypes -Wwrite-strings -Wno-variadic-macros   conftest.c  >&5
conftest.c:74:1: warning: function declaration isn't a prototype [-Wstrict-prototypes]
   74 | char strdup ();
      | ^~~~
conftest.c:83:1: warning: function declaration isn't a prototype [-Wstrict-prototypes]
   83 | main ()
      | ^~~~
configure:12703: $? = 0
configure:12725: result: yes
configure:12640: checking for strsignal
configure:12696: gcc -o conftest -g -O2 -Wall -ansi -pedantic -Wextra -Wstrict-prototypes -Wmissing-prototypes -Wwrite-strings -Wno-variadic-macros   conftest.c  >&5
conftest.c:75:1: warning: function declaration isn't a prototype [-Wstrict-prototypes]
   75 | char strsignal ();
      | ^~~~
conftest.c:84:1: warning: function declaration isn't a prototype [-Wstrict-prototypes]
   84 | main ()
      | ^~~~
configure:12703: $? = 0
configure:12725: result: yes
configure:12640: checking for unsetenv
configure:12696: gcc -o conftest -g -O2 -Wall -ansi -pedantic -Wextra -Wstrict-prototypes -Wmissing-prototypes -Wwrite-strings -Wno-variadic-macros   conftest.c  >&5
conftest.c:76:1: warning: function declaration isn't a prototype [-Wstrict-prototypes]
   76 | char unsetenv ();
      | ^~~~
conftest.c:85:1: warning: function declaration isn't a prototype [-Wstrict-prototypes]
   85 | main ()
      | ^~~~
configure:12703: $? = 0
configure:12725: result: yes
configure:12745: checking whether fileno is declared
configure:12774: gcc -c -g -O2 -Wall -ansi -pedantic -Wextra -Wstrict-prototypes -Wmissing-prototypes -Wwrite-strings -Wno-variadic-macros  conftest.c >&5
conftest.c:88:1: warning: function declaration isn't a prototype [-Wstrict-prototypes]
   88 | main ()
      | ^~~~
configure:12781: $? = 0
configure:12796: result: yes
configure:12812: checking whether localtime_r is declared
configure:12841: gcc -c -g -O2 -Wall -ansi -pedantic -Wextra -Wstrict-prototypes -Wmissing-prototypes -Wwrite-strings -Wno-variadic-macros  conftest.c >&5
conftest.c:89:1: warning: function declaration isn't a prototype [-Wstrict-prototypes]
   89 | main ()
      | ^~~~
conftest.c: In function 'main':
conftest.c:92:10: error: 'localtime_r' undeclared (first use in this function); did you mean 'locale_t'?
   92 |   (void) localtime_r;
      |          ^~~~~~~~~~~
      |          locale_t
conftest.c:92:10: note: each undeclared identifier is reported only once for each function it appears in
configure:12848: $? = 1
configure: failed program was:
| /* confdefs.h.  */
| #define PACKAGE_NAME "Check"
| #define PACKAGE_TARNAME "check"
| #define PACKAGE_VERSION "0.9.8"
| #define PACKAGE_STRING "Check 0.9.8"
| #define PACKAGE_BUGREPORT "check-devel at lists dot sourceforge dot net"
| #define STDC_HEADERS 1
| #define HAVE_SYS_TYPES_H 1
| #define HAVE_SYS_STAT_H 1
| #define HAVE_STDLIB_H 1
| #define HAVE_STRING_H 1
| #define HAVE_MEMORY_H 1
| #define HAVE_STRINGS_H 1
| #define HAVE_INTTYPES_H 1
| #define HAVE_STDINT_H 1
| #define HAVE_UNISTD_H 1
| #define __EXTENSIONS__ 1
| #define _ALL_SOURCE 1
| #define _GNU_SOURCE 1
| #define _POSIX_PTHREAD_SEMANTICS 1
| #define _TANDEM_SOURCE 1
| #define PACKAGE "check"
| #define VERSION "0.9.8"
| #define HAVE_DLFCN_H 1
| #define LT_OBJDIR ".libs/"
| #define STDC_HEADERS 1
| #define HAVE_SYS_WAIT_H 1
| #define HAVE_FCNTL_H 1
| #define HAVE_STDDEF_H 1
| #define HAVE_STDINT_H 1
| #define HAVE_STDLIB_H 1
| #define HAVE_STRING_H 1
| #define HAVE_SYS_TIME_H 1
| #define HAVE_UNISTD_H 1
| #define ENABLE_SUBUNIT 0
| #define TIME_WITH_SYS_TIME 1
| #define SIZEOF_INT 4
| #define SIZEOF_SHORT 2
| #define SIZEOF_LONG 8
| #define HAVE_STDLIB_H 1
| #define HAVE_MALLOC 1
| #define HAVE_STDLIB_H 1
| #define HAVE_REALLOC 1
| #define HAVE_FILENO 1
| #define HAVE_LOCALTIME_R 1
| #define HAVE_PIPE 1
| #define HAVE_PUTENV 1
| #define HAVE_SETENV 1
| #define HAVE_SLEEP 1
| #define HAVE_STRDUP 1
| #define HAVE_STRSIGNAL 1
| #define HAVE_UNSETENV 1
| #define HAVE_DECL_FILENO 1
| /* end confdefs.h.  */
| #include <stdio.h>
| #ifdef HAVE_SYS_TYPES_H
| # include <sys/types.h>
| #endif
| #ifdef HAVE_SYS_STAT_H
| # include <sys/stat.h>
| #endif
| #ifdef STDC_HEADERS
| # include <stdlib.h>
| # include <stddef.h>
| #else
| # ifdef HAVE_STDLIB_H
| #  include <stdlib.h>
| # endif
| #endif
| #ifdef HAVE_STRING_H
| # if !defined STDC_HEADERS && defined HAVE_MEMORY_H
| #  include <memory.h>
| # endif
| # include <string.h>
| #endif
| #ifdef HAVE_STRINGS_H
| # include <strings.h>
| #endif
| #ifdef HAVE_INTTYPES_H
| # include <inttypes.h>
| #endif
| #ifdef HAVE_STDINT_H
| # include <stdint.h>
| #endif
| #ifdef HAVE_UNISTD_H
| # include <unistd.h>
| #endif
| int
| main ()
| {
| #ifndef localtime_r
|   (void) localtime_r;
| #endif
| 
|   ;
|   return 0;
| }
configure:12863: result: no
configure:12879: checking whether pipe is declared
configure:12908: gcc -c -g -O2 -Wall -ansi -pedantic -Wextra -Wstrict-prototypes -Wmissing-prototypes -Wwrite-strings -Wno-variadic-macros  conftest.c >&5
conftest.c:90:1: warning: function declaration isn't a prototype [-Wstrict-prototypes]
   90 | main ()
      | ^~~~
configure:12915: $? = 0
configure:12930: result: yes
configure:12946: checking whether putenv is declared
configure:12975: gcc -c -g -O2 -Wall -ansi -pedantic -Wextra -Wstrict-prototypes -Wmissing-prototypes -Wwrite-strings -Wno-variadic-macros  conftest.c >&5
conftest.c:91:1: warning: function declaration isn't a prototype [-Wstrict-prototypes]
   91 | main ()
      | ^~~~
configure:12982: $? = 0
configure:12997: result: yes
configure:13013: checking whether setenv is declared
configure:13042: gcc -c -g -O2 -Wall -ansi -pedantic -Wextra -Wstrict-prototypes -Wmissing-prototypes -Wwrite-strings -Wno-variadic-macros  conftest.c >&5
conftest.c:92:1: warning: function declaration isn't a prototype [-Wstrict-prototypes]
   92 | main ()
      | ^~~~
configure:13049: $? = 0
configure:13064: result: yes
configure:13080: checking whether sleep is declared
configure:13109: gcc -c -g -O2 -Wall -ansi -pedantic -Wextra -Wstrict-prototypes -Wmissing-prototypes -Wwrite-strings -Wno-variadic-macros  conftest.c >&5
conftest.c:93:1: warning: function declaration isn't a prototype [-Wstrict-prototypes]
   93 | main ()
      | ^~~~
configure:13116: $? = 0
configure:13131: result: yes
configure:13147: checking whether strdup is declared
configure:13176: gcc -c -g -O2 -Wall -ansi -pedantic -Wextra -Wstrict-prototypes -Wmissing-prototypes -Wwrite-strings -Wno-variadic-macros  conftest.c >&5
conftest.c:94:1: warning: function declaration isn't a prototype [-Wstrict-prototypes]
   94 | main ()
      | ^~~~
configure:13183: $? = 0
configure:13198: result: yes
configure:13214: checking whether strsignal is declared
configure:13243: gcc -c -g -O2 -Wall -ansi -pedantic -Wextra -Wstrict-prototypes -Wmissing-prototypes -Wwrite-strings -Wno-variadic-macros  conftest.c >&5
conftest.c:95:1: warning: function declaration isn't a prototype [-Wstrict-prototypes]
   95 | main ()
      | ^~~~
configure:13250: $? = 0
configure:13265: result: yes
configure:13281: checking whether unsetenv is declared
configure:13310: gcc -c -g -O2 -Wall -ansi -pedantic -Wextra -Wstrict-prototypes -Wmissing-prototypes -Wwrite-strings -Wno-variadic-macros  conftest.c >&5
conftest.c:96:1: warning: function declaration isn't a prototype [-Wstrict-prototypes]
   96 | main ()
      | ^~~~
configure:13317: $? = 0
configure:13332: result: yes
configure:13548: checking for the pthreads library -lpthreads
configure:13591: gcc -o conftest -g -O2 -Wall -ansi -pedantic -Wextra -Wstrict-prototypes -Wmissing-prototypes -Wwrite-strings -Wno-variadic-macros    conftest.c -lpthreads  >&5
conftest.c:65:1: warning: function declaration isn't a prototype [-Wstrict-prototypes]
   65 | main ()
      | ^~~~
conftest.c: In function 'main':
conftest.c:68:22: warning: null argument where non-null required (argument 1) [-Wnonnull]
   68 |                      pthread_attr_init(0); pthread_cleanup_push(0, 0);
      |                      ^~~~~~~~~~~~~~~~~
conftest.c:69:22: warning: null argument where non-null required (argument 1) [-Wnonnull]
   69 |                      pthread_create(0,0,0,0); pthread_cleanup_pop(0);
      |                      ^~~~~~~~~~~~~~
conftest.c:69:22: warning: null argument where non-null required (argument 3) [-Wnonnull]
conftest.c:67:15: warning: 'th' is used uninitialized in this function [-Wuninitialized]
   67 | pthread_t th; pthread_join(th, 0);
      |               ^~~~~~~~~~~~~~~~~~~
/usr/bin/ld: cannot find -lpthreads
collect2: error: ld returned 1 exit status
configure:13598: $? = 1
configure: failed program was:
| /* confdefs.h.  */
| #define PACKAGE_NAME "Check"
| #define PACKAGE_TARNAME "check"
| #define PACKAGE_VERSION "0.9.8"
| #define PACKAGE_STRING "Check 0.9.8"
| #define PACKAGE_BUGREPORT "check-devel at lists dot sourceforge dot net"
| #define STDC_HEADERS 1
| #define HAVE_SYS_TYPES_H 1
| #define HAVE_SYS_STAT_H 1
| #define HAVE_STDLIB_H 1
| #define HAVE_STRING_H 1
| #define HAVE_MEMORY_H 1
| #define HAVE_STRINGS_H 1
| #define HAVE_INTTYPES_H 1
| #define HAVE_STDINT_H 1
| #define HAVE_UNISTD_H 1
| #define __EXTENSIONS__ 1
| #define _ALL_SOURCE 1
| #define _GNU_SOURCE 1
| #define _POSIX_PTHREAD_SEMANTICS 1
| #define _TANDEM_SOURCE 1
| #define PACKAGE "check"
| #define VERSION "0.9.8"
| #define HAVE_DLFCN_H 1
| #define LT_OBJDIR ".libs/"
| #define STDC_HEADERS 1
| #define HAVE_SYS_WAIT_H 1
| #define HAVE_FCNTL_H 1
| #define HAVE_STDDEF_H 1
| #define HAVE_STDINT_H 1
| #define HAVE_STDLIB_H 1
| #define HAVE_STRING_H 1
| #define HAVE_SYS_TIME_H 1
| #define HAVE_UNISTD_H 1
| #define ENABLE_SUBUNIT 0
| #define TIME_WITH_SYS_TIME 1
| #define SIZEOF_INT 4
| #define SIZEOF_SHORT 2
| #define SIZEOF_LONG 8
| #define HAVE_STDLIB_H 1
| #define HAVE_MALLOC 1
| #define HAVE_STDLIB_H 1
| #define HAVE_REALLOC 1
| #define HAVE_FILENO 1
| #define HAVE_LOCALTIME_R 1
| #define HAVE_PIPE 1
| #define HAVE_PUTENV 1
| #define HAVE_SETENV 1
| #define HAVE_SLEEP 1
| #define HAVE_STRDUP 1
| #define HAVE_STRSIGNAL 1
| #define HAVE_UNSETENV 1
| #define HAVE_DECL_FILENO 1
| #define HAVE_DECL_LOCALTIME_R 0
| #define HAVE_DECL_PIPE 1
| #define HAVE_DECL_PUTENV 1
| #define HAVE_DECL_SETENV 1
| #define HAVE_DECL_SLEEP 1
| #define HAVE_DECL_STRDUP 1
| #define HAVE_DECL_STRSIGNAL 1
| #define HAVE_DECL_UNSETENV 1
| /* end confdefs.h.  */
| #include <pthread.h>
| int
| main ()
| {
| pthread_t th; pthread_join(th, 0);
|                      pthread_attr_init(0); pthread_cleanup_push(0, 0);
|                      pthread_create(0,0,0,0); pthread_cleanup_pop(0);
|   ;
|   return 0;
| }
configure:13621: result: no
configure:13493: checking whether pthreads work without any flags
configure:13591: gcc -o conftest -g -O2 -Wall -ansi -pedantic -Wextra -Wstrict-prototypes -Wmissing-prototypes -Wwrite-strings -Wno-variadic-macros    conftest.c   >&5
conftest.c:65:1: warning: function declaration isn't a prototype [-Wstrict-prototypes]
   65 | main ()
      | ^~~~
conftest.c: In function 'main':
conftest.c:68:22: warning: null argument where non-null required (argument 1) [-Wnonnull]
   68 |                      pthread_attr_init(0); pthread_cleanup_push(0, 0);
      |                      ^~~~~~~~~~~~~~~~~
conftest.c:69:22: warning: null argument where non-null required (argument 1) [-Wnonnull]
   69 |                      pthread_create(0,0,0,0); pthread_cleanup_pop(0);
      |                      ^~~~~~~~~~~~~~
conftest.c:69:22: warning: null argument where non-null required (argument 3) [-Wnonnull]
conftest.c:67:15: warning: 'th' is used uninitialized in this function [-Wuninitialized]
   67 | pthread_t th; pthread_join(th, 0);
      |               ^~~~~~~~~~~~~~~~~~~
/usr/bin/ld: /tmp/cceerHkd.o: in function `main':
/home/chen/CLionProjects/libart/deps/check-0.9.8/conftest.c:67: undefined reference to `pthread_join'
/usr/bin/ld: /home/chen/CLionProjects/libart/deps/check-0.9.8/conftest.c:68: undefined reference to `__pthread_register_cancel'
/usr/bin/ld: /home/chen/CLionProjects/libart/deps/check-0.9.8/conftest.c:69: undefined reference to `pthread_create'
/usr/bin/ld: /home/chen/CLionProjects/libart/deps/check-0.9.8/conftest.c:69: undefined reference to `__pthread_unregister_cancel'
collect2: error: ld returned 1 exit status
configure:13598: $? = 1
configure: failed program was:
| /* confdefs.h.  */
| #define PACKAGE_NAME "Check"
| #define PACKAGE_TARNAME "check"
| #define PACKAGE_VERSION "0.9.8"
| #define PACKAGE_STRING "Check 0.9.8"
| #define PACKAGE_BUGREPORT "check-devel at lists dot sourceforge dot net"
| #define STDC_HEADERS 1
| #define HAVE_SYS_TYPES_H 1
| #define HAVE_SYS_STAT_H 1
| #define HAVE_STDLIB_H 1
| #define HAVE_STRING_H 1
| #define HAVE_MEMORY_H 1
| #define HAVE_STRINGS_H 1
| #define HAVE_INTTYPES_H 1
| #define HAVE_STDINT_H 1
| #define HAVE_UNISTD_H 1
| #define __EXTENSIONS__ 1
| #define _ALL_SOURCE 1
| #define _GNU_SOURCE 1
| #define _POSIX_PTHREAD_SEMANTICS 1
| #define _TANDEM_SOURCE 1
| #define PACKAGE "check"
| #define VERSION "0.9.8"
| #define HAVE_DLFCN_H 1
| #define LT_OBJDIR ".libs/"
| #define STDC_HEADERS 1
| #define HAVE_SYS_WAIT_H 1
| #define HAVE_FCNTL_H 1
| #define HAVE_STDDEF_H 1
| #define HAVE_STDINT_H 1
| #define HAVE_STDLIB_H 1
| #define HAVE_STRING_H 1
| #define HAVE_SYS_TIME_H 1
| #define HAVE_UNISTD_H 1
| #define ENABLE_SUBUNIT 0
| #define TIME_WITH_SYS_TIME 1
| #define SIZEOF_INT 4
| #define SIZEOF_SHORT 2
| #define SIZEOF_LONG 8
| #define HAVE_STDLIB_H 1
| #define HAVE_MALLOC 1
| #define HAVE_STDLIB_H 1
| #define HAVE_REALLOC 1
| #define HAVE_FILENO 1
| #define HAVE_LOCALTIME_R 1
| #define HAVE_PIPE 1
| #define HAVE_PUTENV 1
| #define HAVE_SETENV 1
| #define HAVE_SLEEP 1
| #define HAVE_STRDUP 1
| #define HAVE_STRSIGNAL 1
| #define HAVE_UNSETENV 1
| #define HAVE_DECL_FILENO 1
| #define HAVE_DECL_LOCALTIME_R 0
| #define HAVE_DECL_PIPE 1
| #define HAVE_DECL_PUTENV 1
| #define HAVE_DECL_SETENV 1
| #define HAVE_DECL_SLEEP 1
| #define HAVE_DECL_STRDUP 1
| #define HAVE_DECL_STRSIGNAL 1
| #define HAVE_DECL_UNSETENV 1
| /* end confdefs.h.  */
| #include <pthread.h>
| int
| main ()
| {
| pthread_t th; pthread_join(th, 0);
|                      pthread_attr_init(0); pthread_cleanup_push(0, 0);
|                      pthread_create(0,0,0,0); pthread_cleanup_pop(0);
|   ;
|   return 0;
| }
configure:13621: result: no
configure:13498: checking whether pthreads work with -Kthread
configure:13591: gcc -o conftest -g -O2 -Wall -ansi -pedantic -Wextra -Wstrict-prototypes -Wmissing-prototypes -Wwrite-strings -Wno-variadic-macros -Kthread   conftest.c   >&5
gcc: error: unrecognized command line option '-Kthread'; did you mean '-pthread'?
configure:13598: $? = 1
configure: failed program was:
| /* confdefs.h.  */
| #define PACKAGE_NAME "Check"
| #define PACKAGE_TARNAME "check"
| #define PACKAGE_VERSION "0.9.8"
| #define PACKAGE_STRING "Check 0.9.8"
| #define PACKAGE_BUGREPORT "check-devel at lists dot sourceforge dot net"
| #define STDC_HEADERS 1
| #define HAVE_SYS_TYPES_H 1
| #define HAVE_SYS_STAT_H 1
| #define HAVE_STDLIB_H 1
| #define HAVE_STRING_H 1
| #define HAVE_MEMORY_H 1
| #define HAVE_STRINGS_H 1
| #define HAVE_INTTYPES_H 1
| #define HAVE_STDINT_H 1
| #define HAVE_UNISTD_H 1
| #define __EXTENSIONS__ 1
| #define _ALL_SOURCE 1
| #define _GNU_SOURCE 1
| #define _POSIX_PTHREAD_SEMANTICS 1
| #define _TANDEM_SOURCE 1
| #define PACKAGE "check"
| #define VERSION "0.9.8"
| #define HAVE_DLFCN_H 1
| #define LT_OBJDIR ".libs/"
| #define STDC_HEADERS 1
| #define HAVE_SYS_WAIT_H 1
| #define HAVE_FCNTL_H 1
| #define HAVE_STDDEF_H 1
| #define HAVE_STDINT_H 1
| #define HAVE_STDLIB_H 1
| #define HAVE_STRING_H 1
| #define HAVE_SYS_TIME_H 1
| #define HAVE_UNISTD_H 1
| #define ENABLE_SUBUNIT 0
| #define TIME_WITH_SYS_TIME 1
| #define SIZEOF_INT 4
| #define SIZEOF_SHORT 2
| #define SIZEOF_LONG 8
| #define HAVE_STDLIB_H 1
| #define HAVE_MALLOC 1
| #define HAVE_STDLIB_H 1
| #define HAVE_REALLOC 1
| #define HAVE_FILENO 1
| #define HAVE_LOCALTIME_R 1
| #define HAVE_PIPE 1
| #define HAVE_PUTENV 1
| #define HAVE_SETENV 1
| #define HAVE_SLEEP 1
| #define HAVE_STRDUP 1
| #define HAVE_STRSIGNAL 1
| #define HAVE_UNSETENV 1
| #define HAVE_DECL_FILENO 1
| #define HAVE_DECL_LOCALTIME_R 0
| #define HAVE_DECL_PIPE 1
| #define HAVE_DECL_PUTENV 1
| #define HAVE_DECL_SETENV 1
| #define HAVE_DECL_SLEEP 1
| #define HAVE_DECL_STRDUP 1
| #define HAVE_DECL_STRSIGNAL 1
| #define HAVE_DECL_UNSETENV 1
| /* end confdefs.h.  */
| #include <pthread.h>
| int
| main ()
| {
| pthread_t th; pthread_join(th, 0);
|                      pthread_attr_init(0); pthread_cleanup_push(0, 0);
|                      pthread_create(0,0,0,0); pthread_cleanup_pop(0);
|   ;
|   return 0;
| }
configure:13621: result: no
configure:13498: checking whether pthreads work with -kthread
configure:13591: gcc -o conftest -g -O2 -Wall -ansi -pedantic -Wextra -Wstrict-prototypes -Wmissing-prototypes -Wwrite-strings -Wno-variadic-macros -kthread   conftest.c   >&5
gcc: error: unrecognized command line option '-kthread'; did you mean '-pthread'?
configure:13598: $? = 1
configure: failed program was:
| /* confdefs.h.  */
| #define PACKAGE_NAME "Check"
| #define PACKAGE_TARNAME "check"
| #define PACKAGE_VERSION "0.9.8"
| #define PACKAGE_STRING "Check 0.9.8"
| #define PACKAGE_BUGREPORT "check-devel at lists dot sourceforge dot net"
| #define STDC_HEADERS 1
| #define HAVE_SYS_TYPES_H 1
| #define HAVE_SYS_STAT_H 1
| #define HAVE_STDLIB_H 1
| #define HAVE_STRING_H 1
| #define HAVE_MEMORY_H 1
| #define HAVE_STRINGS_H 1
| #define HAVE_INTTYPES_H 1
| #define HAVE_STDINT_H 1
| #define HAVE_UNISTD_H 1
| #define __EXTENSIONS__ 1
| #define _ALL_SOURCE 1
| #define _GNU_SOURCE 1
| #define _POSIX_PTHREAD_SEMANTICS 1
| #define _TANDEM_SOURCE 1
| #define PACKAGE "check"
| #define VERSION "0.9.8"
| #define HAVE_DLFCN_H 1
| #define LT_OBJDIR ".libs/"
| #define STDC_HEADERS 1
| #define HAVE_SYS_WAIT_H 1
| #define HAVE_FCNTL_H 1
| #define HAVE_STDDEF_H 1
| #define HAVE_STDINT_H 1
| #define HAVE_STDLIB_H 1
| #define HAVE_STRING_H 1
| #define HAVE_SYS_TIME_H 1
| #define HAVE_UNISTD_H 1
| #define ENABLE_SUBUNIT 0
| #define TIME_WITH_SYS_TIME 1
| #define SIZEOF_INT 4
| #define SIZEOF_SHORT 2
| #define SIZEOF_LONG 8
| #define HAVE_STDLIB_H 1
| #define HAVE_MALLOC 1
| #define HAVE_STDLIB_H 1
| #define HAVE_REALLOC 1
| #define HAVE_FILENO 1
| #define HAVE_LOCALTIME_R 1
| #define HAVE_PIPE 1
| #define HAVE_PUTENV 1
| #define HAVE_SETENV 1
| #define HAVE_SLEEP 1
| #define HAVE_STRDUP 1
| #define HAVE_STRSIGNAL 1
| #define HAVE_UNSETENV 1
| #define HAVE_DECL_FILENO 1
| #define HAVE_DECL_LOCALTIME_R 0
| #define HAVE_DECL_PIPE 1
| #define HAVE_DECL_PUTENV 1
| #define HAVE_DECL_SETENV 1
| #define HAVE_DECL_SLEEP 1
| #define HAVE_DECL_STRDUP 1
| #define HAVE_DECL_STRSIGNAL 1
| #define HAVE_DECL_UNSETENV 1
| /* end confdefs.h.  */
| #include <pthread.h>
| int
| main ()
| {
| pthread_t th; pthread_join(th, 0);
|                      pthread_attr_init(0); pthread_cleanup_push(0, 0);
|                      pthread_create(0,0,0,0); pthread_cleanup_pop(0);
|   ;
|   return 0;
| }
configure:13621: result: no
configure:13548: checking for the pthreads library -llthread
configure:13591: gcc -o conftest -g -O2 -Wall -ansi -pedantic -Wextra -Wstrict-prototypes -Wmissing-prototypes -Wwrite-strings -Wno-variadic-macros    conftest.c -llthread  >&5
conftest.c:65:1: warning: function declaration isn't a prototype [-Wstrict-prototypes]
   65 | main ()
      | ^~~~
conftest.c: In function 'main':
conftest.c:68:22: warning: null argument where non-null required (argument 1) [-Wnonnull]
   68 |                      pthread_attr_init(0); pthread_cleanup_push(0, 0);
      |                      ^~~~~~~~~~~~~~~~~
conftest.c:69:22: warning: null argument where non-null required (argument 1) [-Wnonnull]
   69 |                      pthread_create(0,0,0,0); pthread_cleanup_pop(0);
      |                      ^~~~~~~~~~~~~~
conftest.c:69:22: warning: null argument where non-null required (argument 3) [-Wnonnull]
conftest.c:67:15: warning: 'th' is used uninitialized in this function [-Wuninitialized]
   67 | pthread_t th; pthread_join(th, 0);
      |               ^~~~~~~~~~~~~~~~~~~
/usr/bin/ld: cannot find -llthread
collect2: error: ld returned 1 exit status
configure:13598: $? = 1
configure: failed program was:
| /* confdefs.h.  */
| #define PACKAGE_NAME "Check"
| #define PACKAGE_TARNAME "check"
| #define PACKAGE_VERSION "0.9.8"
| #define PACKAGE_STRING "Check 0.9.8"
| #define PACKAGE_BUGREPORT "check-devel at lists dot sourceforge dot net"
| #define STDC_HEADERS 1
| #define HAVE_SYS_TYPES_H 1
| #define HAVE_SYS_STAT_H 1
| #define HAVE_STDLIB_H 1
| #define HAVE_STRING_H 1
| #define HAVE_MEMORY_H 1
| #define HAVE_STRINGS_H 1
| #define HAVE_INTTYPES_H 1
| #define HAVE_STDINT_H 1
| #define HAVE_UNISTD_H 1
| #define __EXTENSIONS__ 1
| #define _ALL_SOURCE 1
| #define _GNU_SOURCE 1
| #define _POSIX_PTHREAD_SEMANTICS 1
| #define _TANDEM_SOURCE 1
| #define PACKAGE "check"
| #define VERSION "0.9.8"
| #define HAVE_DLFCN_H 1
| #define LT_OBJDIR ".libs/"
| #define STDC_HEADERS 1
| #define HAVE_SYS_WAIT_H 1
| #define HAVE_FCNTL_H 1
| #define HAVE_STDDEF_H 1
| #define HAVE_STDINT_H 1
| #define HAVE_STDLIB_H 1
| #define HAVE_STRING_H 1
| #define HAVE_SYS_TIME_H 1
| #define HAVE_UNISTD_H 1
| #define ENABLE_SUBUNIT 0
| #define TIME_WITH_SYS_TIME 1
| #define SIZEOF_INT 4
| #define SIZEOF_SHORT 2
| #define SIZEOF_LONG 8
| #define HAVE_STDLIB_H 1
| #define HAVE_MALLOC 1
| #define HAVE_STDLIB_H 1
| #define HAVE_REALLOC 1
| #define HAVE_FILENO 1
| #define HAVE_LOCALTIME_R 1
| #define HAVE_PIPE 1
| #define HAVE_PUTENV 1
| #define HAVE_SETENV 1
| #define HAVE_SLEEP 1
| #define HAVE_STRDUP 1
| #define HAVE_STRSIGNAL 1
| #define HAVE_UNSETENV 1
| #define HAVE_DECL_FILENO 1
| #define HAVE_DECL_LOCALTIME_R 0
| #define HAVE_DECL_PIPE 1
| #define HAVE_DECL_PUTENV 1
| #define HAVE_DECL_SETENV 1
| #define HAVE_DECL_SLEEP 1
| #define HAVE_DECL_STRDUP 1
| #define HAVE_DECL_STRSIGNAL 1
| #define HAVE_DECL_UNSETENV 1
| /* end confdefs.h.  */
| #include <pthread.h>
| int
| main ()
| {
| pthread_t th; pthread_join(th, 0);
|                      pthread_attr_init(0); pthread_cleanup_push(0, 0);
|                      pthread_create(0,0,0,0); pthread_cleanup_pop(0);
|   ;
|   return 0;
| }
configure:13621: result: no
configure:13498: checking whether pthreads work with -pthread
configure:13591: gcc -o conftest -g -O2 -Wall -ansi -pedantic -Wextra -Wstrict-prototypes -Wmissing-prototypes -Wwrite-strings -Wno-variadic-macros -pthread   conftest.c   >&5
conftest.c:65:1: warning: function declaration isn't a prototype [-Wstrict-prototypes]
   65 | main ()
      | ^~~~
conftest.c: In function 'main':
conftest.c:68:22: warning: null argument where non-null required (argument 1) [-Wnonnull]
   68 |                      pthread_attr_init(0); pthread_cleanup_push(0, 0);
      |                      ^~~~~~~~~~~~~~~~~
conftest.c:69:22: warning: null argument where non-null required (argument 1) [-Wnonnull]
   69 |                      pthread_create(0,0,0,0); pthread_cleanup_pop(0);
      |                      ^~~~~~~~~~~~~~
conftest.c:69:22: warning: null argument where non-null required (argument 3) [-Wnonnull]
conftest.c:67:15: warning: 'th' is used uninitialized in this function [-Wuninitialized]
   67 | pthread_t th; pthread_join(th, 0);
      |               ^~~~~~~~~~~~~~~~~~~
configure:13598: $? = 0
configure:13621: result: yes
configure:13640: checking for joinable pthread attribute
configure:13665: gcc -o conftest -g -O2 -Wall -ansi -pedantic -Wextra -Wstrict-prototypes -Wmissing-prototypes -Wwrite-strings -Wno-variadic-macros -pthread   conftest.c   >&5
conftest.c:65:1: warning: function declaration isn't a prototype [-Wstrict-prototypes]
   65 | main ()
      | ^~~~
configure:13672: $? = 0
configure:13692: result: PTHREAD_CREATE_JOINABLE
configure:13702: checking if more special flags are required for pthreads
configure:13709: result: no
configure:13931: creating ./config.status

## ---------------------- ##
## Running config.status. ##
## ---------------------- ##

This file was extended by Check config.status 0.9.8, which was
generated by GNU Autoconf 2.63.  Invocation command line was

  CONFIG_FILES    = 
  CONFIG_HEADERS  = 
  CONFIG_LINKS    = 
  CONFIG_COMMANDS = 
  $ ./config.status 

on chen

config.status:1047: creating check.pc
config.status:1047: creating Makefile
config.status:1047: creating doc/Makefile
config.status:1047: creating lib/Makefile
config.status:1047: creating src/check.h
config.status:1047: creating src/Makefile
config.status:1047: creating tests/Makefile
config.status:1047: creating tests/test_vars
config.status:1047: creating config.h
config.status:1269: config.h is unchanged
config.status:1321: executing depfiles commands
config.status:1321: executing libtool commands

## ---------------- ##
## Cache variables. ##
## ---------------- ##

ac_cv_build=x86_64-unknown-linux-gnu
ac_cv_c_compiler_gnu=yes
ac_cv_c_const=yes
ac_cv_cflags_warn_all_ansi='-Wall -ansi -pedantic'
ac_cv_env_CC_set=
ac_cv_env_CC_value=
ac_cv_env_CFLAGS_set=
ac_cv_env_CFLAGS_value=
ac_cv_env_CPPFLAGS_set=
ac_cv_env_CPPFLAGS_value=
ac_cv_env_CPP_set=
ac_cv_env_CPP_value=
ac_cv_env_LDFLAGS_set=
ac_cv_env_LDFLAGS_value=
ac_cv_env_LIBS_set=
ac_cv_env_LIBS_value=
ac_cv_env_build_alias_set=
ac_cv_env_build_alias_value=
ac_cv_env_host_alias_set=
ac_cv_env_host_alias_value=
ac_cv_env_target_alias_set=
ac_cv_env_target_alias_value=
ac_cv_func_fileno=yes
ac_cv_func_localtime_r=yes
ac_cv_func_malloc_0_nonnull=yes
ac_cv_func_pipe=yes
ac_cv_func_putenv=yes
ac_cv_func_realloc_0_nonnull=yes
ac_cv_func_setenv=yes
ac_cv_func_sleep=yes
ac_cv_func_strdup=yes
ac_cv_func_strsignal=yes
ac_cv_func_unsetenv=yes
ac_cv_have_decl_fileno=yes
ac_cv_have_decl_localtime_r=no
ac_cv_have_decl_pipe=yes
ac_cv_have_decl_putenv=yes
ac_cv_have_decl_setenv=yes
ac_cv_have_decl_sleep=yes
ac_cv_have_decl_strdup=yes
ac_cv_have_decl_strsignal=yes
ac_cv_have_decl_unsetenv=yes
ac_cv_header_dlfcn_h=yes
ac_cv_header_fcntl_h=yes
ac_cv_header_inttypes_h=yes
ac_cv_header_memory_h=yes
ac_cv_header_minix_config_h=no
ac_cv_header_stdc=yes
ac_cv_header_stddef_h=yes
ac_cv_header_stdint_h=yes
ac_cv_header_stdlib_h=yes
ac_cv_header_string_h=yes
ac_cv_header_strings_h=yes
ac_cv_header_sys_stat_h=yes
ac_cv_header_sys_time_h=yes
ac_cv_header_sys_types_h=yes
ac_cv_header_sys_wait_h=yes
ac_cv_header_time=yes
ac_cv_header_unistd_h=yes
ac_cv_host=x86_64-unknown-linux-gnu
ac_cv_lib_subunit_subunit_test_start=no
ac_cv_objext=o
ac_cv_path_EGREP='/usr/bin/grep -E'
ac_cv_path_FGREP='/usr/bin/grep -F'
ac_cv_path_GREP=/usr/bin/grep
ac_cv_path_SED=/usr/bin/sed
ac_cv_path_install='/usr/bin/install -c'
ac_cv_path_mkdir=/usr/bin/mkdir
ac_cv_prog_AWK=mawk
ac_cv_prog_CPP='gcc -E'
ac_cv_prog_GCOV=gcov
ac_cv_prog_ac_ct_AR=ar
ac_cv_prog_ac_ct_CC=gcc
ac_cv_prog_ac_ct_OBJDUMP=objdump
ac_cv_prog_ac_ct_RANLIB=ranlib
ac_cv_prog_ac_ct_STRIP=strip
ac_cv_prog_cc_c89=
ac_cv_prog_cc_g=yes
ac_cv_prog_cc_gcc_c_o=yes
ac_cv_prog_make_make_set=yes
ac_cv_safe_to_define___extensions__=yes
ac_cv_sizeof_int=4
ac_cv_sizeof_long=8
ac_cv_sizeof_short=2
ac_cv_struct_tm=time.h
ac_cv_type_pid_t=yes
ac_cv_type_size_t=yes
am_cv_CC_dependencies_compiler_type=gcc3
ax_cv_c_check_flag__Wextra=yes
ax_cv_c_check_flag__Wmissing_prototypes=yes
ax_cv_c_check_flag__Wno_variadic_macros=yes
ax_cv_c_check_flag__Wstrict_prototypes=yes
ax_cv_c_check_flag__Wwrite_strings=yes
lt_cv_deplibs_check_method=pass_all
lt_cv_file_magic_cmd='$MAGIC_CMD'
lt_cv_file_magic_test_file=
lt_cv_ld_reload_flag=-r
lt_cv_nm_interface='BSD nm'
lt_cv_objdir=.libs
lt_cv_path_LD=/usr/bin/ld
lt_cv_path_NM='/usr/bin/nm -B'
lt_cv_prog_compiler_c_o=yes
lt_cv_prog_compiler_pic_works=yes
lt_cv_prog_compiler_rtti_exceptions=no
lt_cv_prog_compiler_static_works=yes
lt_cv_prog_gnu_ld=yes
lt_cv_sys_global_symbol_pipe='sed -n -e '\''s/^.*[	 ]\([ABCDGIRSTW][ABCDGIRSTW]*\)[	 ][	 ]*\([_A-Za-z][_A-Za-z0-9]*\)$/\1 \2 \2/p'\'''
lt_cv_sys_global_symbol_to_c_name_address='sed -n -e '\''s/^: \([^ ]*\) $/  {\"\1\", (void *) 0},/p'\'' -e '\''s/^[ABCDGIRSTW]* \([^ ]*\) \([^ ]*\)$/  {"\2", (void *) \&\2},/p'\'''
lt_cv_sys_global_symbol_to_c_name_address_lib_prefix='sed -n -e '\''s/^: \([^ ]*\) $/  {\"\1\", (void *) 0},/p'\'' -e '\''s/^[ABCDGIRSTW]* \([^ ]*\) \(lib[^ ]*\)$/  {"\2", (void *) \&\2},/p'\'' -e '\''s/^[ABCDGIRSTW]* \([^ ]*\) \([^ ]*\)$/  {"lib\2", (void *) \&\2},/p'\'''
lt_cv_sys_global_symbol_to_cdecl='sed -n -e '\''s/^T .* \(.*\)$/extern int \1();/p'\'' -e '\''s/^[ABCDGIRSTW]* .* \(.*\)$/extern char \1;/p'\'''
lt_cv_sys_max_cmd_len=1572864

## ----------------- ##
## Output variables. ##
## ----------------- ##

ACLOCAL='${SHELL} /home/chen/CLionProjects/libart/deps/check-0.9.8/build-aux/missing --run aclocal-1.10'
AMDEPBACKSLASH='\'
AMDEP_FALSE='#'
AMDEP_TRUE=''
AMTAR='${SHELL} /home/chen/CLionProjects/libart/deps/check-0.9.8/build-aux/missing --run tar'
AR='ar'
AUTOCONF='${SHELL} /home/chen/CLionProjects/libart/deps/check-0.9.8/build-aux/missing --run autoconf'
AUTOHEADER='${SHELL} /home/chen/CLionProjects/libart/deps/check-0.9.8/build-aux/missing --run autoheader'
AUTOMAKE='${SHELL} /home/chen/CLionProjects/libart/deps/check-0.9.8/build-aux/missing --run automake-1.10'
AWK='mawk'
CC='gcc'
CCDEPMODE='depmode=gcc3'
CFLAGS='-g -O2 -Wall -ansi -pedantic -Wextra -Wstrict-prototypes -Wmissing-prototypes -Wwrite-strings -Wno-variadic-macros'
CHECK_MAJOR_VERSION='0'
CHECK_MICRO_VERSION='8'
CHECK_MINOR_VERSION='9'
CHECK_VERSION='0.9.8'
CPP='gcc -E'
CPPFLAGS=''
CYGPATH_W='echo'
DEFS='-DHAVE_CONFIG_H'
DEPDIR='.deps'
DSYMUTIL=''
DUMPBIN=''
ECHO_C=''
ECHO_N='-n'
ECHO_T=''
EGREP='/usr/bin/grep -E'
ENABLE_GCOV_FALSE=''
ENABLE_GCOV_TRUE='#'
ENABLE_SUBUNIT='0'
EXEEXT=''
FGREP='/usr/bin/grep -F'
GCOV='gcov'
GCOV_CFLAGS=''
GCOV_LIBS=''
GENHTML='false'
GREP='/usr/bin/grep'
INSTALL_DATA='${INSTALL} -m 644'
INSTALL_PROGRAM='${INSTALL}'
INSTALL_SCRIPT='${INSTALL}'
INSTALL_STRIP_PROGRAM='$(install_sh) -c -s'
LCOV='false'
LD='/usr/bin/ld -m elf_x86_64'
LDFLAGS=''
LIBOBJS=''
LIBS=''
LIBTOOL='$(SHELL) $(top_builddir)/libtool'
LIPO=''
LN_S='ln -s'
LTLIBOBJS=''
MAKEINFO='${SHELL} /home/chen/CLionProjects/libart/deps/check-0.9.8/build-aux/missing --run makeinfo'
MKDIR_P='/usr/bin/mkdir -p'
NM='/usr/bin/nm -B'
NMEDIT=''
NO_TIMEOUT_TESTS_FALSE=''
NO_TIMEOUT_TESTS_TRUE='#'
OBJDUMP='objdump'
OBJEXT='o'
OTOOL64=''
OTOOL=''
PACKAGE='check'
PACKAGE_BUGREPORT='check-devel at lists dot sourceforge dot net'
PACKAGE_NAME='Check'
PACKAGE_STRING='Check 0.9.8'
PACKAGE_TARNAME='check'
PACKAGE_VERSION='0.9.8'
PATH_SEPARATOR=':'
PTHREAD_CC='gcc'
PTHREAD_CFLAGS='-pthread'
PTHREAD_LIBS=''
RANLIB='ranlib'
SED='/usr/bin/sed'
SET_MAKE=''
SHELL='/bin/bash'
STRIP='strip'
SUBUNIT_FALSE=''
SUBUNIT_TRUE='#'
TEX='false'
VERSION='0.9.8'
ac_ct_CC='gcc'
ac_ct_DUMPBIN=''
acx_pthread_config=''
am__fastdepCC_FALSE='#'
am__fastdepCC_TRUE=''
am__include='include'
am__isrc=''
am__leading_dot='.'
am__quote=''
am__tar='${AMTAR} chof - "$$tardir"'
am__untar='${AMTAR} xf -'
bindir='${exec_prefix}/bin'
build='x86_64-unknown-linux-gnu'
build_alias=''
build_cpu='x86_64'
build_os='linux-gnu'
build_vendor='unknown'
datadir='${datarootdir}'
datarootdir='${prefix}/share'
docdir='${datarootdir}/doc/${PACKAGE_TARNAME}'
dvidir='${docdir}'
exec_prefix='${prefix}'
host='x86_64-unknown-linux-gnu'
host_alias=''
host_cpu='x86_64'
host_os='linux-gnu'
host_vendor='unknown'
htmldir='${docdir}'
includedir='${prefix}/include'
infodir='${datarootdir}/info'
install_sh='$(SHELL) /home/chen/CLionProjects/libart/deps/check-0.9.8/build-aux/install-sh'
libdir='${exec_prefix}/lib'
libexecdir='${exec_prefix}/libexec'
localedir='${datarootdir}/locale'
localstatedir='${prefix}/var'
lt_ECHO='echo'
mandir='${datarootdir}/man'
mkdir_p='/usr/bin/mkdir -p'
oldincludedir='/usr/include'
pdfdir='${docdir}'
prefix='/usr/local'
program_transform_name='s,x,x,'
psdir='${docdir}'
sbindir='${exec_prefix}/sbin'
sharedstatedir='${prefix}/com'
sysconfdir='${prefix}/etc'
target_alias=''

## ----------- ##
## confdefs.h. ##
## ----------- ##

#define PACKAGE_NAME "Check"
#define PACKAGE_TARNAME "check"
#define PACKAGE_VERSION "0.9.8"
#define PACKAGE_STRING "Check 0.9.8"
#define PACKAGE_BUGREPORT "check-devel at lists dot sourceforge dot net"
#define STDC_HEADERS 1
#define HAVE_SYS_TYPES_H 1
#define HAVE_SYS_STAT_H 1
#define HAVE_STDLIB_H 1
#define HAVE_STRING_H 1
#define HAVE_MEMORY_H 1
#define HAVE_STRINGS_H 1
#define HAVE_INTTYPES_H 1
#define HAVE_STDINT_H 1
#define HAVE_UNISTD_H 1
#define __EXTENSIONS__ 1
#define _ALL_SOURCE 1
#define _GNU_SOURCE 1
#define _POSIX_PTHREAD_SEMANTICS 1
#define _TANDEM_SOURCE 1
#define PACKAGE "check"
#define VERSION "0.9.8"
#define HAVE_DLFCN_H 1
#define LT_OBJDIR ".libs/"
#define STDC_HEADERS 1
#define HAVE_SYS_WAIT_H 1
#define HAVE_FCNTL_H 1
#define HAVE_STDDEF_H 1
#define HAVE_STDINT_H 1
#define HAVE_STDLIB_H 1
#define HAVE_STRING_H 1
#define HAVE_SYS_TIME_H 1
#define HAVE_UNISTD_H 1
#define ENABLE_SUBUNIT 0
#define TIME_WITH_SYS_TIME 1
#define SIZEOF_INT 4
#define SIZEOF_SHORT 2
#define SIZEOF_LONG 8
#define HAVE_STDLIB_H 1
#define HAVE_MALLOC 1
#define HAVE_STDLIB_H 1
#define HAVE_REALLOC 1
#define HAVE_FILENO 1
#define HAVE_LOCALTIME_R 1
#define HAVE_PIPE 1
#define HAVE_PUTENV 1
#define HAVE_SETENV 1
#define HAVE_SLEEP 1
#define HAVE_STRDUP 1
#define HAVE_STRSIGNAL 1
#define HAVE_UNSETENV 1
#define HAVE_DECL_FILENO 1
#define HAVE_DECL_LOCALTIME_R 0
#define HAVE_DECL_PIPE 1
#define HAVE_DECL_PUTENV 1
#define HAVE_DECL_SETENV 1
#define HAVE_DECL_SLEEP 1
#define HAVE_DECL_STRDUP 1
#define HAVE_DECL_STRSIGNAL 1
#define HAVE_DECL_UNSETENV 1
#define HAVE_PTHREAD 1

configure: exit 0
